Performing C SOURCE FILE Test CMAKE_HAVE_LIBC_PTHREAD failed with the following output:
Change Dir: /home/fb/Learn/pnp/build/CMakeFiles/CMakeTmp

Run Build Command(s):/usr/bin/make cmTC_5c013/fast && /usr/bin/make -f CMakeFiles/cmTC_5c013.dir/build.make CMakeFiles/cmTC_5c013.dir/build
make[1]: Entering directory '/home/fb/Learn/pnp/build/CMakeFiles/CMakeTmp'
Building C object CMakeFiles/cmTC_5c013.dir/src.c.o
/usr/bin/cc   -DCMAKE_HAVE_LIBC_PTHREAD   -o CMakeFiles/cmTC_5c013.dir/src.c.o   -c /home/fb/Learn/pnp/build/CMakeFiles/CMakeTmp/src.c
Linking C executable cmTC_5c013
/opt/cmake/bin/cmake -E cmake_link_script CMakeFiles/cmTC_5c013.dir/link.txt --verbose=1
/usr/bin/cc  -DCMAKE_HAVE_LIBC_PTHREAD    -rdynamic CMakeFiles/cmTC_5c013.dir/src.c.o  -o cmTC_5c013 
CMakeFiles/cmTC_5c013.dir/src.c.o：在函数‘main’中：
src.c:(.text+0x3c)：对‘pthread_create’未定义的引用
src.c:(.text+0x48)：对‘pthread_detach’未定义的引用
src.c:(.text+0x59)：对‘pthread_join’未定义的引用
src.c:(.text+0x6d)：对‘pthread_atfork’未定义的引用
collect2: error: ld returned 1 exit status
CMakeFiles/cmTC_5c013.dir/build.make:86: recipe for target 'cmTC_5c013' failed
make[1]: *** [cmTC_5c013] Error 1
make[1]: Leaving directory '/home/fb/Learn/pnp/build/CMakeFiles/CMakeTmp'
Makefile:121: recipe for target 'cmTC_5c013/fast' failed
make: *** [cmTC_5c013/fast] Error 2


Source file was:
#include <pthread.h>

void* test_func(void* data)
{
  return data;
}

int main(void)
{
  pthread_t thread;
  pthread_create(&thread, NULL, test_func, NULL);
  pthread_detach(thread);
  pthread_join(thread, NULL);
  pthread_atfork(NULL, NULL, NULL);
  pthread_exit(NULL);

  return 0;
}

Determining if the function pthread_create exists in the pthreads failed with the following output:
Change Dir: /home/fb/Learn/pnp/build/CMakeFiles/CMakeTmp

Run Build Command(s):/usr/bin/make cmTC_8aded/fast && /usr/bin/make -f CMakeFiles/cmTC_8aded.dir/build.make CMakeFiles/cmTC_8aded.dir/build
make[1]: Entering directory '/home/fb/Learn/pnp/build/CMakeFiles/CMakeTmp'
Building C object CMakeFiles/cmTC_8aded.dir/CheckFunctionExists.c.o
/usr/bin/cc   -DCHECK_FUNCTION_EXISTS=pthread_create   -o CMakeFiles/cmTC_8aded.dir/CheckFunctionExists.c.o   -c /opt/cmake/share/cmake-3.15/Modules/CheckFunctionExists.c
Linking C executable cmTC_8aded
/opt/cmake/bin/cmake -E cmake_link_script CMakeFiles/cmTC_8aded.dir/link.txt --verbose=1
/usr/bin/cc  -DCHECK_FUNCTION_EXISTS=pthread_create    -rdynamic CMakeFiles/cmTC_8aded.dir/CheckFunctionExists.c.o  -o cmTC_8aded -lpthreads 
/usr/bin/ld: 找不到 -lpthreads
collect2: error: ld returned 1 exit status
CMakeFiles/cmTC_8aded.dir/build.make:86: recipe for target 'cmTC_8aded' failed
make[1]: *** [cmTC_8aded] Error 1
make[1]: Leaving directory '/home/fb/Learn/pnp/build/CMakeFiles/CMakeTmp'
Makefile:121: recipe for target 'cmTC_8aded/fast' failed
make: *** [cmTC_8aded/fast] Error 2



